<?xml version="1.0" encoding="UTF-8"?>
<testsuite xmlns:xsi="http://www.w3.org/2001/XMLSchema-instance" xsi:noNamespaceSchemaLocation="https://maven.apache.org/surefire/maven-surefire-plugin/xsd/surefire-test-report-3.0.xsd" version="3.0" name="com.minekarta.advancedcorehub.manager.LocaleManagerTest" time="2.625" tests="2" errors="0" skipped="0" failures="0">
  <properties>
    <property name="java.specification.version" value="21"/>
    <property name="sun.jnu.encoding" value="UTF-8"/>
    <property name="java.class.path" value="/app/target/test-classes:/app/target/classes:/home/jules/.m2/repository/io/papermc/paper/paper-api/1.20.4-R0.1-SNAPSHOT/paper-api-1.20.4-R0.1-SNAPSHOT.jar:/home/jules/.m2/repository/com/google/guava/guava/32.1.2-jre/guava-32.1.2-jre.jar:/home/jules/.m2/repository/com/google/guava/failureaccess/1.0.1/failureaccess-1.0.1.jar:/home/jules/.m2/repository/com/google/guava/listenablefuture/9999.0-empty-to-avoid-conflict-with-guava/listenablefuture-9999.0-empty-to-avoid-conflict-with-guava.jar:/home/jules/.m2/repository/com/google/code/findbugs/jsr305/3.0.2/jsr305-3.0.2.jar:/home/jules/.m2/repository/com/google/errorprone/error_prone_annotations/2.18.0/error_prone_annotations-2.18.0.jar:/home/jules/.m2/repository/com/google/j2objc/j2objc-annotations/2.8/j2objc-annotations-2.8.jar:/home/jules/.m2/repository/com/google/code/gson/gson/2.10.1/gson-2.10.1.jar:/home/jules/.m2/repository/net/md-5/bungeecord-chat/1.20-R0.2-deprecated+build.18/bungeecord-chat-1.20-R0.2-deprecated+build.18.jar:/home/jules/.m2/repository/org/yaml/snakeyaml/2.2/snakeyaml-2.2.jar:/home/jules/.m2/repository/org/joml/joml/1.10.5/joml-1.10.5.jar:/home/jules/.m2/repository/com/googlecode/json-simple/json-simple/1.1.1/json-simple-1.1.1.jar:/home/jules/.m2/repository/it/unimi/dsi/fastutil/8.5.6/fastutil-8.5.6.jar:/home/jules/.m2/repository/org/apache/logging/log4j/log4j-api/2.17.1/log4j-api-2.17.1.jar:/home/jules/.m2/repository/org/slf4j/slf4j-api/2.0.9/slf4j-api-2.0.9.jar:/home/jules/.m2/repository/org/apache/maven/maven-resolver-provider/3.9.6/maven-resolver-provider-3.9.6.jar:/home/jules/.m2/repository/org/apache/maven/maven-model/3.9.6/maven-model-3.9.6.jar:/home/jules/.m2/repository/org/apache/maven/maven-model-builder/3.9.6/maven-model-builder-3.9.6.jar:/home/jules/.m2/repository/org/codehaus/plexus/plexus-interpolation/1.26/plexus-interpolation-1.26.jar:/home/jules/.m2/repository/org/apache/maven/maven-artifact/3.9.6/maven-artifact-3.9.6.jar:/home/jules/.m2/repository/org/apache/commons/commons-lang3/3.12.0/commons-lang3-3.12.0.jar:/home/jules/.m2/repository/org/apache/maven/maven-builder-support/3.9.6/maven-builder-support-3.9.6.jar:/home/jules/.m2/repository/org/eclipse/sisu/org.eclipse.sisu.inject/0.9.0.M2/org.eclipse.sisu.inject-0.9.0.M2.jar:/home/jules/.m2/repository/org/apache/maven/maven-repository-metadata/3.9.6/maven-repository-metadata-3.9.6.jar:/home/jules/.m2/repository/org/apache/maven/resolver/maven-resolver-api/1.9.18/maven-resolver-api-1.9.18.jar:/home/jules/.m2/repository/org/apache/maven/resolver/maven-resolver-spi/1.9.18/maven-resolver-spi-1.9.18.jar:/home/jules/.m2/repository/org/apache/maven/resolver/maven-resolver-util/1.9.18/maven-resolver-util-1.9.18.jar:/home/jules/.m2/repository/org/apache/maven/resolver/maven-resolver-impl/1.9.18/maven-resolver-impl-1.9.18.jar:/home/jules/.m2/repository/org/apache/maven/resolver/maven-resolver-named-locks/1.9.18/maven-resolver-named-locks-1.9.18.jar:/home/jules/.m2/repository/org/codehaus/plexus/plexus-utils/3.5.1/plexus-utils-3.5.1.jar:/home/jules/.m2/repository/javax/inject/javax.inject/1/javax.inject-1.jar:/home/jules/.m2/repository/net/kyori/adventure-api/4.16.0/adventure-api-4.16.0.jar:/home/jules/.m2/repository/net/kyori/adventure-key/4.16.0/adventure-key-4.16.0.jar:/home/jules/.m2/repository/net/kyori/examination-api/1.3.0/examination-api-1.3.0.jar:/home/jules/.m2/repository/net/kyori/examination-string/1.3.0/examination-string-1.3.0.jar:/home/jules/.m2/repository/net/kyori/adventure-text-minimessage/4.16.0/adventure-text-minimessage-4.16.0.jar:/home/jules/.m2/repository/net/kyori/adventure-text-serializer-gson/4.16.0/adventure-text-serializer-gson-4.16.0.jar:/home/jules/.m2/repository/net/kyori/adventure-text-serializer-json/4.16.0/adventure-text-serializer-json-4.16.0.jar:/home/jules/.m2/repository/net/kyori/option/1.0.0/option-1.0.0.jar:/home/jules/.m2/repository/net/kyori/adventure-text-serializer-legacy/4.16.0/adventure-text-serializer-legacy-4.16.0.jar:/home/jules/.m2/repository/net/kyori/adventure-text-serializer-plain/4.16.0/adventure-text-serializer-plain-4.16.0.jar:/home/jules/.m2/repository/net/kyori/adventure-text-logger-slf4j/4.16.0/adventure-text-logger-slf4j-4.16.0.jar:/home/jules/.m2/repository/org/checkerframework/checker-qual/3.33.0/checker-qual-3.33.0.jar:/home/jules/.m2/repository/org/ow2/asm/asm/9.7/asm-9.7.jar:/home/jules/.m2/repository/org/ow2/asm/asm-commons/9.7/asm-commons-9.7.jar:/home/jules/.m2/repository/org/ow2/asm/asm-tree/9.7/asm-tree-9.7.jar:/home/jules/.m2/repository/me/clip/placeholderapi/2.11.6/placeholderapi-2.11.6.jar:/home/jules/.m2/repository/org/jetbrains/annotations/23.0.0/annotations-23.0.0.jar:/home/jules/.m2/repository/org/bstats/bstats-bukkit/3.0.1/bstats-bukkit-3.0.1.jar:/home/jules/.m2/repository/org/bstats/bstats-base/3.0.1/bstats-base-3.0.1.jar:/home/jules/.m2/repository/net/kyori/adventure-platform-bukkit/4.3.2/adventure-platform-bukkit-4.3.2.jar:/home/jules/.m2/repository/net/kyori/adventure-platform-api/4.3.2/adventure-platform-api-4.3.2.jar:/home/jules/.m2/repository/net/kyori/adventure-text-serializer-bungeecord/4.3.2/adventure-text-serializer-bungeecord-4.3.2.jar:/home/jules/.m2/repository/net/kyori/adventure-nbt/4.13.1/adventure-nbt-4.13.1.jar:/home/jules/.m2/repository/net/kyori/adventure-text-serializer-gson-legacy-impl/4.13.1/adventure-text-serializer-gson-legacy-impl-4.13.1.jar:/home/jules/.m2/repository/net/kyori/adventure-platform-facet/4.3.2/adventure-platform-facet-4.3.2.jar:/home/jules/.m2/repository/net/kyori/adventure-platform-viaversion/4.3.2/adventure-platform-viaversion-4.3.2.jar:/home/jules/.m2/repository/com/arcaniax/HeadDatabase-API/1.3.1/HeadDatabase-API-1.3.1.jar:/home/jules/.m2/repository/org/junit/jupiter/junit-jupiter-api/5.10.2/junit-jupiter-api-5.10.2.jar:/home/jules/.m2/repository/org/opentest4j/opentest4j/1.3.0/opentest4j-1.3.0.jar:/home/jules/.m2/repository/org/junit/platform/junit-platform-commons/1.10.2/junit-platform-commons-1.10.2.jar:/home/jules/.m2/repository/org/apiguardian/apiguardian-api/1.1.2/apiguardian-api-1.1.2.jar:/home/jules/.m2/repository/org/junit/jupiter/junit-jupiter-engine/5.10.2/junit-jupiter-engine-5.10.2.jar:/home/jules/.m2/repository/org/junit/platform/junit-platform-engine/1.10.2/junit-platform-engine-1.10.2.jar:/home/jules/.m2/repository/org/mockito/mockito-core/5.12.0/mockito-core-5.12.0.jar:/home/jules/.m2/repository/net/bytebuddy/byte-buddy/1.14.15/byte-buddy-1.14.15.jar:/home/jules/.m2/repository/net/bytebuddy/byte-buddy-agent/1.14.15/byte-buddy-agent-1.14.15.jar:/home/jules/.m2/repository/org/objenesis/objenesis/3.3/objenesis-3.3.jar:/home/jules/.m2/repository/org/mockito/mockito-junit-jupiter/5.12.0/mockito-junit-jupiter-5.12.0.jar:"/>
    <property name="java.vm.vendor" value="Ubuntu"/>
    <property name="sun.arch.data.model" value="64"/>
    <property name="java.vendor.url" value="https://ubuntu.com/"/>
    <property name="user.timezone" value="Etc/UTC"/>
    <property name="os.name" value="Linux"/>
    <property name="java.vm.specification.version" value="21"/>
    <property name="sun.java.launcher" value="SUN_STANDARD"/>
    <property name="sun.boot.library.path" value="/usr/lib/jvm/java-21-openjdk-amd64/lib"/>
    <property name="sun.java.command" value="/app/target/surefire/surefirebooter-20250905184915821_3.jar /app/target/surefire 2025-09-05T18-49-15_712-jvmRun1 surefire-20250905184915821_1tmp surefire_0-20250905184915821_2tmp"/>
    <property name="jdk.debug" value="release"/>
    <property name="surefire.test.class.path" value="/app/target/test-classes:/app/target/classes:/home/jules/.m2/repository/io/papermc/paper/paper-api/1.20.4-R0.1-SNAPSHOT/paper-api-1.20.4-R0.1-SNAPSHOT.jar:/home/jules/.m2/repository/com/google/guava/guava/32.1.2-jre/guava-32.1.2-jre.jar:/home/jules/.m2/repository/com/google/guava/failureaccess/1.0.1/failureaccess-1.0.1.jar:/home/jules/.m2/repository/com/google/guava/listenablefuture/9999.0-empty-to-avoid-conflict-with-guava/listenablefuture-9999.0-empty-to-avoid-conflict-with-guava.jar:/home/jules/.m2/repository/com/google/code/findbugs/jsr305/3.0.2/jsr305-3.0.2.jar:/home/jules/.m2/repository/com/google/errorprone/error_prone_annotations/2.18.0/error_prone_annotations-2.18.0.jar:/home/jules/.m2/repository/com/google/j2objc/j2objc-annotations/2.8/j2objc-annotations-2.8.jar:/home/jules/.m2/repository/com/google/code/gson/gson/2.10.1/gson-2.10.1.jar:/home/jules/.m2/repository/net/md-5/bungeecord-chat/1.20-R0.2-deprecated+build.18/bungeecord-chat-1.20-R0.2-deprecated+build.18.jar:/home/jules/.m2/repository/org/yaml/snakeyaml/2.2/snakeyaml-2.2.jar:/home/jules/.m2/repository/org/joml/joml/1.10.5/joml-1.10.5.jar:/home/jules/.m2/repository/com/googlecode/json-simple/json-simple/1.1.1/json-simple-1.1.1.jar:/home/jules/.m2/repository/it/unimi/dsi/fastutil/8.5.6/fastutil-8.5.6.jar:/home/jules/.m2/repository/org/apache/logging/log4j/log4j-api/2.17.1/log4j-api-2.17.1.jar:/home/jules/.m2/repository/org/slf4j/slf4j-api/2.0.9/slf4j-api-2.0.9.jar:/home/jules/.m2/repository/org/apache/maven/maven-resolver-provider/3.9.6/maven-resolver-provider-3.9.6.jar:/home/jules/.m2/repository/org/apache/maven/maven-model/3.9.6/maven-model-3.9.6.jar:/home/jules/.m2/repository/org/apache/maven/maven-model-builder/3.9.6/maven-model-builder-3.9.6.jar:/home/jules/.m2/repository/org/codehaus/plexus/plexus-interpolation/1.26/plexus-interpolation-1.26.jar:/home/jules/.m2/repository/org/apache/maven/maven-artifact/3.9.6/maven-artifact-3.9.6.jar:/home/jules/.m2/repository/org/apache/commons/commons-lang3/3.12.0/commons-lang3-3.12.0.jar:/home/jules/.m2/repository/org/apache/maven/maven-builder-support/3.9.6/maven-builder-support-3.9.6.jar:/home/jules/.m2/repository/org/eclipse/sisu/org.eclipse.sisu.inject/0.9.0.M2/org.eclipse.sisu.inject-0.9.0.M2.jar:/home/jules/.m2/repository/org/apache/maven/maven-repository-metadata/3.9.6/maven-repository-metadata-3.9.6.jar:/home/jules/.m2/repository/org/apache/maven/resolver/maven-resolver-api/1.9.18/maven-resolver-api-1.9.18.jar:/home/jules/.m2/repository/org/apache/maven/resolver/maven-resolver-spi/1.9.18/maven-resolver-spi-1.9.18.jar:/home/jules/.m2/repository/org/apache/maven/resolver/maven-resolver-util/1.9.18/maven-resolver-util-1.9.18.jar:/home/jules/.m2/repository/org/apache/maven/resolver/maven-resolver-impl/1.9.18/maven-resolver-impl-1.9.18.jar:/home/jules/.m2/repository/org/apache/maven/resolver/maven-resolver-named-locks/1.9.18/maven-resolver-named-locks-1.9.18.jar:/home/jules/.m2/repository/org/codehaus/plexus/plexus-utils/3.5.1/plexus-utils-3.5.1.jar:/home/jules/.m2/repository/javax/inject/javax.inject/1/javax.inject-1.jar:/home/jules/.m2/repository/net/kyori/adventure-api/4.16.0/adventure-api-4.16.0.jar:/home/jules/.m2/repository/net/kyori/adventure-key/4.16.0/adventure-key-4.16.0.jar:/home/jules/.m2/repository/net/kyori/examination-api/1.3.0/examination-api-1.3.0.jar:/home/jules/.m2/repository/net/kyori/examination-string/1.3.0/examination-string-1.3.0.jar:/home/jules/.m2/repository/net/kyori/adventure-text-minimessage/4.16.0/adventure-text-minimessage-4.16.0.jar:/home/jules/.m2/repository/net/kyori/adventure-text-serializer-gson/4.16.0/adventure-text-serializer-gson-4.16.0.jar:/home/jules/.m2/repository/net/kyori/adventure-text-serializer-json/4.16.0/adventure-text-serializer-json-4.16.0.jar:/home/jules/.m2/repository/net/kyori/option/1.0.0/option-1.0.0.jar:/home/jules/.m2/repository/net/kyori/adventure-text-serializer-legacy/4.16.0/adventure-text-serializer-legacy-4.16.0.jar:/home/jules/.m2/repository/net/kyori/adventure-text-serializer-plain/4.16.0/adventure-text-serializer-plain-4.16.0.jar:/home/jules/.m2/repository/net/kyori/adventure-text-logger-slf4j/4.16.0/adventure-text-logger-slf4j-4.16.0.jar:/home/jules/.m2/repository/org/checkerframework/checker-qual/3.33.0/checker-qual-3.33.0.jar:/home/jules/.m2/repository/org/ow2/asm/asm/9.7/asm-9.7.jar:/home/jules/.m2/repository/org/ow2/asm/asm-commons/9.7/asm-commons-9.7.jar:/home/jules/.m2/repository/org/ow2/asm/asm-tree/9.7/asm-tree-9.7.jar:/home/jules/.m2/repository/me/clip/placeholderapi/2.11.6/placeholderapi-2.11.6.jar:/home/jules/.m2/repository/org/jetbrains/annotations/23.0.0/annotations-23.0.0.jar:/home/jules/.m2/repository/org/bstats/bstats-bukkit/3.0.1/bstats-bukkit-3.0.1.jar:/home/jules/.m2/repository/org/bstats/bstats-base/3.0.1/bstats-base-3.0.1.jar:/home/jules/.m2/repository/net/kyori/adventure-platform-bukkit/4.3.2/adventure-platform-bukkit-4.3.2.jar:/home/jules/.m2/repository/net/kyori/adventure-platform-api/4.3.2/adventure-platform-api-4.3.2.jar:/home/jules/.m2/repository/net/kyori/adventure-text-serializer-bungeecord/4.3.2/adventure-text-serializer-bungeecord-4.3.2.jar:/home/jules/.m2/repository/net/kyori/adventure-nbt/4.13.1/adventure-nbt-4.13.1.jar:/home/jules/.m2/repository/net/kyori/adventure-text-serializer-gson-legacy-impl/4.13.1/adventure-text-serializer-gson-legacy-impl-4.13.1.jar:/home/jules/.m2/repository/net/kyori/adventure-platform-facet/4.3.2/adventure-platform-facet-4.3.2.jar:/home/jules/.m2/repository/net/kyori/adventure-platform-viaversion/4.3.2/adventure-platform-viaversion-4.3.2.jar:/home/jules/.m2/repository/com/arcaniax/HeadDatabase-API/1.3.1/HeadDatabase-API-1.3.1.jar:/home/jules/.m2/repository/org/junit/jupiter/junit-jupiter-api/5.10.2/junit-jupiter-api-5.10.2.jar:/home/jules/.m2/repository/org/opentest4j/opentest4j/1.3.0/opentest4j-1.3.0.jar:/home/jules/.m2/repository/org/junit/platform/junit-platform-commons/1.10.2/junit-platform-commons-1.10.2.jar:/home/jules/.m2/repository/org/apiguardian/apiguardian-api/1.1.2/apiguardian-api-1.1.2.jar:/home/jules/.m2/repository/org/junit/jupiter/junit-jupiter-engine/5.10.2/junit-jupiter-engine-5.10.2.jar:/home/jules/.m2/repository/org/junit/platform/junit-platform-engine/1.10.2/junit-platform-engine-1.10.2.jar:/home/jules/.m2/repository/org/mockito/mockito-core/5.12.0/mockito-core-5.12.0.jar:/home/jules/.m2/repository/net/bytebuddy/byte-buddy/1.14.15/byte-buddy-1.14.15.jar:/home/jules/.m2/repository/net/bytebuddy/byte-buddy-agent/1.14.15/byte-buddy-agent-1.14.15.jar:/home/jules/.m2/repository/org/objenesis/objenesis/3.3/objenesis-3.3.jar:/home/jules/.m2/repository/org/mockito/mockito-junit-jupiter/5.12.0/mockito-junit-jupiter-5.12.0.jar:"/>
    <property name="sun.cpu.endian" value="little"/>
    <property name="user.home" value="/home/jules"/>
    <property name="user.language" value="en"/>
    <property name="java.specification.vendor" value="Oracle Corporation"/>
    <property name="java.version.date" value="2025-07-15"/>
    <property name="java.home" value="/usr/lib/jvm/java-21-openjdk-amd64"/>
    <property name="file.separator" value="/"/>
    <property name="basedir" value="/app"/>
    <property name="java.vm.compressedOopsMode" value="32-bit"/>
    <property name="line.separator" value="&#10;"/>
    <property name="java.vm.specification.vendor" value="Oracle Corporation"/>
    <property name="java.specification.name" value="Java Platform API Specification"/>
    <property name="surefire.real.class.path" value="/app/target/surefire/surefirebooter-20250905184915821_3.jar"/>
    <property name="sun.management.compiler" value="HotSpot 64-Bit Tiered Compilers"/>
    <property name="java.runtime.version" value="21.0.8+9-Ubuntu-0ubuntu124.04.1"/>
    <property name="user.name" value="jules"/>
    <property name="stdout.encoding" value="UTF-8"/>
    <property name="path.separator" value=":"/>
    <property name="os.version" value="6.8.0"/>
    <property name="java.runtime.name" value="OpenJDK Runtime Environment"/>
    <property name="file.encoding" value="UTF-8"/>
    <property name="java.vm.name" value="OpenJDK 64-Bit Server VM"/>
    <property name="localRepository" value="/home/jules/.m2/repository"/>
    <property name="java.vendor.url.bug" value="https://bugs.launchpad.net/ubuntu/+source/openjdk-21"/>
    <property name="java.io.tmpdir" value="/tmp"/>
    <property name="java.version" value="21.0.8"/>
    <property name="user.dir" value="/app"/>
    <property name="os.arch" value="amd64"/>
    <property name="java.vm.specification.name" value="Java Virtual Machine Specification"/>
    <property name="native.encoding" value="UTF-8"/>
    <property name="java.library.path" value="/usr/java/packages/lib:/usr/lib/x86_64-linux-gnu/jni:/lib/x86_64-linux-gnu:/usr/lib/x86_64-linux-gnu:/usr/lib/jni:/lib:/usr/lib"/>
    <property name="stderr.encoding" value="UTF-8"/>
    <property name="java.vm.info" value="mixed mode, sharing"/>
    <property name="java.vendor" value="Ubuntu"/>
    <property name="java.vm.version" value="21.0.8+9-Ubuntu-0ubuntu124.04.1"/>
    <property name="sun.io.unicode.encoding" value="UnicodeLittle"/>
    <property name="java.class.version" value="65.0"/>
  </properties>
  <testcase name="testMissingKey" classname="com.minekarta.advancedcorehub.manager.LocaleManagerTest" time="2.565">
    <system-err><![CDATA[WARNING: A Java agent has been loaded dynamically (/home/jules/.m2/repository/net/bytebuddy/byte-buddy-agent/1.14.15/byte-buddy-agent-1.14.15.jar)
WARNING: If a serviceability tool is in use, please run with -XX:+EnableDynamicAgentLoading to hide this warning
WARNING: If a serviceability tool is not in use, please run with -Djdk.instrument.traceUsage for more information
WARNING: Dynamic loading of agents will be disallowed by default in a future release
]]></system-err>
  </testcase>
  <testcase name="testMessageFormatting" classname="com.minekarta.advancedcorehub.manager.LocaleManagerTest" time="0.018"/>
</testsuite>